<?xml version="1.0" encoding="UTF-8"?>
<testng-results ignored="0" total="2" passed="2" failed="0" skipped="0">
  <reporter-output>
  </reporter-output>
  <suite started-at="2024-11-21T23:32:03 IST" name="Default suite" finished-at="2024-11-21T23:32:07 IST" duration-ms="3427">
    <groups>
    </groups>
    <test started-at="2024-11-21T23:32:03 IST" name="Default test" finished-at="2024-11-21T23:32:07 IST" duration-ms="3427">
      <class name="com.api.sample.GetRequest">
        <test-method is-config="true" signature="getdata()[pri:0, instance:com.api.sample.GetRequest@6bedbc4d]" started-at="2024-11-21T23:32:03 IST" name="getdata" finished-at="2024-11-21T23:32:03 IST" duration-ms="142" status="PASS">
          <reporter-output>
          </reporter-output>
        </test-method> <!-- getdata -->
        <test-method signature="getRequest()[pri:0, instance:com.api.sample.GetRequest@6bedbc4d]" started-at="2024-11-21T23:32:03 IST" name="getRequest" finished-at="2024-11-21T23:32:06 IST" duration-ms="2323" status="PASS">
          <reporter-output>
          </reporter-output>
        </test-method> <!-- getRequest -->
        <test-method signature="postRequest()[pri:0, instance:com.api.sample.GetRequest@6bedbc4d]" started-at="2024-11-21T23:32:06 IST" name="postRequest" finished-at="2024-11-21T23:32:07 IST" duration-ms="943" status="PASS">
          <reporter-output>
          </reporter-output>
        </test-method> <!-- postRequest -->
      </class> <!-- com.api.sample.GetRequest -->
    </test> <!-- Default test -->
  </suite> <!-- Default suite -->
</testng-results>
